<?xml version="1.0" encoding="UTF-8" ?>
<testsuite errors="0" failures="1" hostname="i57pc13" name="de.uka.ilkd.key.util.removegenerics.ResolveGenericClassTest" tests="1" time="0.106" timestamp="2011-04-05T11:55:06">
  <properties>
    <property name="libs.jsp-compiler.javadoc" value="" />
    <property name="netbeans.autoupdate.country" value="US" />
    <property name="javac.test.classpath" value="/export/home/i57pc13/christoph/Programs/key_lib/recoderKey.jar:/export/home/i57pc13/christoph/Programs/key_lib/log4j.jar:/export/home/i57pc13/christoph/Programs/key_lib/javacc.jar:/export/home/i57pc13/christoph/Programs/key_lib/antlr.jar:build/classes:/export/home/i57pc13/christoph/netbeans-6.9.1/java/modules/ext/junit-3.8.2.jar:/export/home/i57pc13/christoph/netbeans-6.9.1/platform/modules/ext/junit-4.5.jar" />
    <property name="libs.jsf20.maven-pom" value="" />
    <property name="libs.DataBindingME.src" value="" />
    <property name="libs.j2me_ant_ext.javadoc" value="" />
    <property name="libs.proguard.javadoc" value="" />
    <property name="libs.junit.javadoc" value="/export/home/i57pc13/christoph/netbeans-6.9.1/java/docs/junit-3.8.2-api.zip" />
    <property name="libs.nsicom-ant-utils.src" value="" />
    <property name="libs.nokiaS80-ant-utils.javadoc" value="" />
    <property name="ant.core.lib" value="/export/home/i57pc13/christoph/netbeans-6.9.1/java/ant/lib/ant.jar" />
    <property name="libs.swing-app-framework.src" value="" />
    <property name="libs.jakarta_slide_ant_webdav.javadoc" value="" />
    <property name="javadoc.windowtitle" value="" />
    <property name="libs.toplink.classpath" value="/export/home/i57pc13/christoph/netbeans-6.9.1/java/modules/ext/toplink/toplink-essentials.jar:/export/home/i57pc13/christoph/netbeans-6.9.1/java/modules/ext/toplink/toplink-essentials-agent.jar" />
    <property name="libs.jsp-compilation.javadoc" value="" />
    <property name="user.dir" value="/export/home/i57pc13/christoph/Programs/key/netbeans/eclipse" />
    <property name="libs.hibernate-persistence.javadoc" value="" />
    <property name="libs.JMUnit4CLDC10.javadoc" value="/export/home/i57pc13/christoph/netbeans-6.9.1/mobility/modules/docs/jmunit-1.2.1-api.zip" />
    <property name="java.vm.version" value="19.1-b02" />
    <property name="libs.DataBindingME.classpath" value="/export/home/i57pc13/christoph/netbeans-6.9.1/mobility/modules/ext/netbeans_databindingme.jar" />
    <property name="libs.jstl11.maven-pom" value="" />
    <property name="libs.nsicom-ant-utils.classpath" value="/export/home/i57pc13/christoph/netbeans-6.9.1/mobility/ant/nblib/org-netbeans-modules-j2me-cdc-project-nsicom.jar" />
    <property name="libs.MySQLDriver.classpath" value="/export/home/i57pc13/christoph/netbeans-6.9.1/ide/modules/ext/mysql-connector-java-5.1.6-bin.jar" />
    <property name="libs.jstl11.src" value="" />
    <property name="javadoc.notree" value="false" />
    <property name="netbeans.autoupdate.version" value="1.23" />
    <property name="libs.javaee-web-api-6.0.classpath" value="/export/home/i57pc13/christoph/netbeans-6.9.1/enterprise/modules/ext/javaee-web-api-6.0.jar" />
    <property name="test.test.dir" value="../../system/test" />
    <property name="libs.DataBindingME-PIM.maven-pom" value="" />
    <property name="libs.hibernate-support.maven-pom" value="" />
    <property name="libs.hibernate-support.javadoc" value="" />
    <property name="libs.NetBeans MIDP Components.maven-pom" value="" />
    <property name="jdk.home" value="/usr/lib64/jvm/java" />
    <property name="libs.javac-api.src" value="" />
    <property name="javadoc.noindex" value="false" />
    <property name="sun.os.patch.level" value="unknown" />
    <property name="java.vm.specification.name" value="Java Virtual Machine Specification" />
    <property name="libs.semc-ant-utils.classpath" value="/export/home/i57pc13/christoph/netbeans-6.9.1/mobility/modules/ext/org-netbeans-modules-j2me-cdc-project-semc.jar" />
    <property name="nb.show.statistics.ui" value="usageStatisticsEnabled" />
    <property name="libs.nokiadeployment.classpath" value="/export/home/i57pc13/christoph/netbeans-6.9.1/mobility/modules/org-netbeans-modules-mobility-deployment-nokia.jar" />
    <property name="netbeans.autoupdate.variant" value="" />
    <property name="have.tests" value="true" />
    <property name="libs.nokiaS80-ant-utils.maven-pom" value="" />
    <property name="org.xml.sax.driver" value="com.sun.org.apache.xerces.internal.jaxp.SAXParserImpl$JAXPSAXParser" />
    <property name="libs.nb_svg_midp_components.src" value="/export/home/i57pc13/christoph/netbeans-6.9.1/mobility/sources/nb_svg_midp_components-src.zip" />
    <property name="libs.NetBeans MIDP Components WMA.src" value="/export/home/i57pc13/christoph/netbeans-6.9.1/mobility/sources/netbeans_midp_components_wma-src.zip" />
    <property name="libs.javac-api.javadoc" value="" />
    <property name="os.name" value="Linux" />
    <property name="libs.beans-binding.classpath" value="/export/home/i57pc13/christoph/netbeans-6.9.1/java/modules/ext/beansbinding-1.2.1.jar" />
    <property name="ap.proc.none.internal" value="" />
    <property name="libs.DataBindingME-SVG.javadoc" value="/export/home/i57pc13/christoph/netbeans-6.9.1/mobility/modules/docs/netbeans_databindingme_svg-api.zip" />
    <property name="libs.restapi.javadoc" value="/export/home/i57pc13/christoph/netbeans-6.9.1/enterprise/docs/jsr311-api-1.1.1-javadoc.zip" />
    <property name="libs.JWSAntTasks.maven-pom" value="" />
    <property name="libs.ojec-ant-utils.src" value="" />
    <property name="libs.spring-webmvc3.0.src" value="" />
    <property name="libs.restapi.classpath" value="/export/home/i57pc13/christoph/netbeans-6.9.1/enterprise/modules/ext/rest/jsr311-api-1.1.1.jar" />
    <property name="java.vendor.url.bug" value="http://java.sun.com/cgi-bin/bugreport.cgi" />
    <property name="libs.nsicom-ant-utils.javadoc" value="" />
    <property name="libs.jaxb.maven-pom" value="" />
    <property name="os.arch" value="amd64" />
    <property name="libs.eclipselink.src" value="" />
    <property name="user.name" value="christoph" />
    <property name="libs.jsf12.javadoc" value="/export/home/i57pc13/christoph/netbeans-6.9.1/enterprise/docs/javaee6-doc-api.zip" />
    <property name="libs.spring-webmvc3.0.maven-pom" value="" />
    <property name="libs.swing-layout.maven-pom" value="" />
    <property name="build.classes.dir" value="build/classes" />
    <property name="netbeans.accept_license_class" value="org.netbeans.license.AcceptLicense" />
    <property name="build.sysclasspath" value="ignore" />
    <property name="ap.supported.internal" value="true" />
    <property name="libs.jaxws21.javadoc" value="/export/home/i57pc13/christoph/netbeans-6.9.1/java/docs/jaxws-api-doc.zip" />
    <property name="includes" value="**" />
    <property name="libs.ojec-ant-utils.maven-pom" value="" />
    <property name="user.country" value="US" />
    <property name="libs.jstl11.javadoc" value="/export/home/i57pc13/christoph/netbeans-6.9.1/enterprise/docs/javaee6-doc-api.zip" />
    <property name="libs.JMUnit4CLDC11.src" value="" />
    <property name="javadoc.encoding" value="UTF-8" />
    <property name="ant.file.key-devel" value="/export/home/i57pc13/christoph/Programs/key/netbeans/eclipse/build.xml" />
    <property name="javac.classpath" value="/export/home/i57pc13/christoph/Programs/key_lib/recoderKey.jar:/export/home/i57pc13/christoph/Programs/key_lib/log4j.jar:/export/home/i57pc13/christoph/Programs/key_lib/javacc.jar:/export/home/i57pc13/christoph/Programs/key_lib/antlr.jar" />
    <property name="file.reference.log4j.jar" value="/export/home/i57pc13/christoph/Programs/key_lib/log4j.jar" />
    <property name="debug-transport" value="dt_socket" />
    <property name="netbeans.home" value="/export/home/i57pc13/christoph/netbeans-6.9.1/platform" />
    <property name="build.compiler.emacs" value="true" />
    <property name="libs.javaee-web-api-6.0.src" value="" />
    <property name="libs.ejb3-persistence.src" value="" />
    <property name="libs.nokiaS80-ant-utils.src" value="" />
    <property name="libs.cdc-pp-awt-layout.javadoc" value="" />
    <property name="libs.j2me_ant_ext.classpath" value="/export/home/i57pc13/christoph/netbeans-6.9.1/mobility/modules/org-netbeans-modules-mobility-antext.jar:/export/home/i57pc13/christoph/netbeans-6.9.1/java/modules/org-netbeans-modules-classfile.jar" />
    <property name="java.endorsed.dirs" value="/usr/lib64/jvm/java-1.6.0-sun-1.6.0/jre/lib/endorsed" />
    <property name="libs.groovy-all.src" value="" />
    <property name="netbeans.dynamic.classpath" value="/export/home/i57pc13/christoph/netbeans-6.9.1/platform/core/core.jar:/export/home/i57pc13/christoph/netbeans-6.9.1/platform/core/org-openide-filesystems.jar:/export/home/i57pc13/christoph/netbeans-6.9.1/platform/core/locale/core_ja.jar:/export/home/i57pc13/christoph/netbeans-6.9.1/platform/core/locale/org-openide-filesystems_ja.jar:/export/home/i57pc13/christoph/netbeans-6.9.1/platform/core/locale/core_zh_CN.jar:/export/home/i57pc13/christoph/netbeans-6.9.1/platform/core/locale/org-openide-filesystems_pt_BR.jar:/export/home/i57pc13/christoph/netbeans-6.9.1/platform/core/locale/core_pt_BR.jar:/export/home/i57pc13/christoph/netbeans-6.9.1/platform/core/locale/org-openide-filesystems_zh_CN.jar:/export/home/i57pc13/christoph/netbeans-6.9.1/nb/core/org-netbeans-upgrader.jar:/export/home/i57pc13/christoph/netbeans-6.9.1/nb/core/locale/core_nb.jar:/export/home/i57pc13/christoph/netbeans-6.9.1/nb/core/locale/org-netbeans-upgrader_pt_BR.jar:/export/home/i57pc13/christoph/netbeans-6.9.1/nb/core/locale/core_nb_zh_CN.jar:/export/home/i57pc13/christoph/netbeans-6.9.1/nb/core/locale/core_nb_ja.jar:/export/home/i57pc13/christoph/netbeans-6.9.1/nb/core/locale/core_nb_pt_BR.jar:/export/home/i57pc13/christoph/netbeans-6.9.1/nb/core/locale/org-netbeans-upgrader_ja.jar:/export/home/i57pc13/christoph/netbeans-6.9.1/nb/core/locale/org-netbeans-upgrader_zh_CN.jar" />
    <property name="libs.cdc-agui-swing-layout.maven-pom" value="" />
    <property name="libs.cdc-pp-awt-layout.src" value="/export/home/i57pc13/christoph/netbeans-6.9.1/mobility/sources/cdc-pp-awt-layout-src.zip" />
    <property name="java.vm.specification.version" value="1.0" />
    <property name="libs.jakarta_slide_ant_webdav.src" value="" />
    <property name="libs.javaee-api-6.0.classpath" value="/export/home/i57pc13/christoph/netbeans-6.9.1/enterprise/modules/ext/javaee-api-6.0.jar" />
    <property name="libs.sjmc-ant-utils.maven-pom" value="" />
    <property name="libs.groovy-all.maven-pom" value="" />
    <property name="libs.JMUnit4CLDC10.maven-pom" value="" />
    <property name="libs.hibernate-persistence.classpath" value="/export/home/i57pc13/christoph/netbeans-6.9.1/java/modules/ext/hibernate/antlr-2.7.6.jar:/export/home/i57pc13/christoph/netbeans-6.9.1/java/modules/ext/hibernate/asm.jar:/export/home/i57pc13/christoph/netbeans-6.9.1/java/modules/ext/hibernate/asm-attrs.jar:/export/home/i57pc13/christoph/netbeans-6.9.1/java/modules/ext/hibernate/cglib-2.1.3.jar:/export/home/i57pc13/christoph/netbeans-6.9.1/java/modules/ext/hibernate/commons-collections-2.1.1.jar:/export/home/i57pc13/christoph/netbeans-6.9.1/ide/modules/ext/commons-logging-1.1.jar:/export/home/i57pc13/christoph/netbeans-6.9.1/java/modules/ext/hibernate/dom4j-1.6.1.jar:/export/home/i57pc13/christoph/netbeans-6.9.1/java/modules/ext/hibernate/ehcache-1.2.3.jar:/export/home/i57pc13/christoph/netbeans-6.9.1/java/modules/ext/hibernate/jdbc2_0-stdext.jar:/export/home/i57pc13/christoph/netbeans-6.9.1/java/modules/ext/hibernate/jta.jar:/export/home/i57pc13/christoph/netbeans-6.9.1/java/modules/ext/hibernate/hibernate3.jar:/export/home/i57pc13/christoph/netbeans-6.9.1/java/modules/ext/hibernate/hibernate-tools.jar:/export/home/i57pc13/christoph/netbeans-6.9.1/java/modules/ext/hibernate/hibernate-annotations.jar:/export/home/i57pc13/christoph/netbeans-6.9.1/java/modules/ext/hibernate/hibernate-commons-annotations.jar:/export/home/i57pc13/christoph/netbeans-6.9.1/java/modules/ext/hibernate/hibernate-entitymanager.jar:/export/home/i57pc13/christoph/netbeans-6.9.1/java/modules/ext/hibernate/javassist.jar:/export/home/i57pc13/christoph/netbeans-6.9.1/java/modules/ext/hibernate/ejb3-persistence.jar" />
    <property name="libs.jaxws21.src" value="" />
    <property name="application.title" value="key-devel" />
    <property name="do.archive" value="true" />
    <property name="platforms.Sun_Java_TM__Wireless_Toolkit_2_5_2_for_CLDC.preverifycommandline" value="" />
    <property name="libs.swing-app-framework.classpath" value="/export/home/i57pc13/christoph/netbeans-6.9.1/java/modules/ext/appframework-1.0.3.jar:/export/home/i57pc13/christoph/netbeans-6.9.1/java/modules/ext/swing-worker-1.1.jar" />
    <property name="netbeans.autoupdate.language" value="en" />
    <property name="libs.jakarta_slide_ant_webdav.classpath" value="/export/home/i57pc13/christoph/netbeans-6.9.1/mobility/modules/ext/commons-httpclient-3.0.1.jar:/export/home/i57pc13/christoph/netbeans-6.9.1/ide/modules/ext/commons-logging-1.1.jar:/export/home/i57pc13/christoph/netbeans-6.9.1/java/modules/ext/jdom-1.0.jar:/export/home/i57pc13/christoph/netbeans-6.9.1/mobility/modules/ext/jakarta-slide-webdavlib-2.1.jar:/export/home/i57pc13/christoph/netbeans-6.9.1/mobility/modules/ext/jakarta-slide-ant-webdav-2.1.jar" />
    <property name="java.vendor" value="Sun Microsystems Inc." />
    <property name="libs.JMUnit4CLDC10.src" value="" />
    <property name="libs.javaee-api-6.0.javadoc" value="/export/home/i57pc13/christoph/netbeans-6.9.1/enterprise/docs/javaee6-doc-api.zip" />
    <property name="javac.debug" value="true" />
    <property name="javadoc.splitindex" value="true" />
    <property name="file.separator" value="/" />
    <property name="libs.IdentityAntTasks.src" value="" />
    <property name="libs.ActiveSync.classpath" value="/export/home/i57pc13/christoph/netbeans-6.9.1/mobility/modules/ext/nbactivesync-5.0.jar" />
    <property name="platforms.Sun_Java_TM__Wireless_Toolkit_2_5_2_for_CLDC.home" value="/export/home/i57pc13/christoph/netbeans-6.9.1/mobility/WTK2.5.2" />
    <property name="libs.junit_4.maven-pom" value="" />
    <property name="javac.test.processorpath" value="/export/home/i57pc13/christoph/Programs/key_lib/recoderKey.jar:/export/home/i57pc13/christoph/Programs/key_lib/log4j.jar:/export/home/i57pc13/christoph/Programs/key_lib/javacc.jar:/export/home/i57pc13/christoph/Programs/key_lib/antlr.jar:build/classes:/export/home/i57pc13/christoph/netbeans-6.9.1/java/modules/ext/junit-3.8.2.jar:/export/home/i57pc13/christoph/netbeans-6.9.1/platform/modules/ext/junit-4.5.jar" />
    <property name="netbeans.buildnumber" value="201011082200" />
    <property name="libs.JWSAntTasks.javadoc" value="" />
    <property name="build.generated.sources.dir" value="build/generated-sources" />
    <property name="sun.java.launcher" value="SUN_STANDARD" />
    <property name="libs.junit.classpath" value="/export/home/i57pc13/christoph/netbeans-6.9.1/java/modules/ext/junit-3.8.2.jar" />
    <property name="libs.jaxb.javadoc" value="/export/home/i57pc13/christoph/netbeans-6.9.1/ide/docs/jaxb-api-doc.zip" />
    <property name="libs.struts.classpath" value="/export/home/i57pc13/christoph/netbeans-6.9.1/enterprise/modules/ext/struts/antlr-2.7.2.jar:/export/home/i57pc13/christoph/netbeans-6.9.1/enterprise/modules/ext/struts/bsf-2.3.0.jar:/export/home/i57pc13/christoph/netbeans-6.9.1/enterprise/modules/ext/struts/commons-beanutils-1.7.0.jar:/export/home/i57pc13/christoph/netbeans-6.9.1/enterprise/modules/ext/struts/commons-chain-1.1.jar:/export/home/i57pc13/christoph/netbeans-6.9.1/enterprise/modules/ext/struts/commons-digester-1.8.jar:/export/home/i57pc13/christoph/netbeans-6.9.1/enterprise/modules/ext/struts/commons-fileupload-1.1.1.jar:/export/home/i57pc13/christoph/netbeans-6.9.1/enterprise/modules/ext/struts/commons-io-1.1.jar:/export/home/i57pc13/christoph/netbeans-6.9.1/enterprise/modules/ext/struts/commons-logging-1.0.4.jar:/export/home/i57pc13/christoph/netbeans-6.9.1/enterprise/modules/ext/struts/commons-validator-1.3.1.jar:/export/home/i57pc13/christoph/netbeans-6.9.1/enterprise/modules/ext/struts/jstl-1.0.2.jar:/export/home/i57pc13/christoph/netbeans-6.9.1/enterprise/modules/ext/struts/oro-2.0.8.jar:/export/home/i57pc13/christoph/netbeans-6.9.1/enterprise/modules/ext/struts/standard-1.0.2.jar:/export/home/i57pc13/christoph/netbeans-6.9.1/enterprise/modules/ext/struts/struts-core-1.3.8.jar:/export/home/i57pc13/christoph/netbeans-6.9.1/enterprise/modules/ext/struts/struts-el-1.3.8.jar:/export/home/i57pc13/christoph/netbeans-6.9.1/enterprise/modules/ext/struts/struts-extras-1.3.8.jar:/export/home/i57pc13/christoph/netbeans-6.9.1/enterprise/modules/ext/struts/struts-faces-1.3.8.jar:/export/home/i57pc13/christoph/netbeans-6.9.1/enterprise/modules/ext/struts/struts-mailreader-dao-1.3.8.jar:/export/home/i57pc13/christoph/netbeans-6.9.1/enterprise/modules/ext/struts/struts-scripting-1.3.8.jar:/export/home/i57pc13/christoph/netbeans-6.9.1/enterprise/modules/ext/struts/struts-taglib-1.3.8.jar:/export/home/i57pc13/christoph/netbeans-6.9.1/enterprise/modules/ext/struts/struts-tiles-1.3.8.jar" />
    <property name="ant.home" value="/export/home/i57pc13/christoph/netbeans-6.9.1/java/ant" />
    <property name="libs.junit_4.src" value="/export/home/i57pc13/christoph/netbeans-6.9.1/java/docs/junit-4.5-src.jar" />
    <property name="libs.ricoh-ant-utils.maven-pom" value="" />
    <property name="file.reference.javacc.jar" value="/export/home/i57pc13/christoph/Programs/key_lib/javacc.jar" />
    <property name="libs.absolutelayout.maven-pom" value="" />
    <property name="ant.java.version" value="1.6" />
    <property name="java.library.path" value="/usr/lib64/jvm/java-1.6.0-sun-1.6.0/jre/lib/amd64/server:/usr/lib64/jvm/java-1.6.0-sun-1.6.0/jre/lib/amd64:/usr/lib64/jvm/java-1.6.0-sun-1.6.0/jre/../lib/amd64:/usr/lib64/mpi/gcc/openmpi/lib64:/usr/java/packages/lib/amd64:/usr/lib64:/lib64:/lib:/usr/lib" />
    <property name="javadoc.author" value="false" />
    <property name="libs.metro.maven-pom" value="" />
    <property name="libs.IdentityAntTasks.classpath" value="/export/home/i57pc13/christoph/netbeans-6.9.1/identity/ant/nblib/org-netbeans-modules-identity-ant.jar:/export/home/i57pc13/christoph/netbeans-6.9.1/identity/modules/org-netbeans-modules-identity-profile-api.jar" />
    <property name="java.util.logging.config.class" value="org.netbeans.core.startup.TopLogging" />
    <property name="libs.PostgreSQLDriver.src" value="" />
    <property name="sun.arch.data.model" value="64" />
    <property name="basedir" value="/export/home/i57pc13/christoph/Programs/key/netbeans/eclipse" />
    <property name="libs.ActiveSync.src" value="" />
    <property name="jar.compress" value="false" />
    <property name="libs.NetBeans MIDP Components PDA.src" value="/export/home/i57pc13/christoph/netbeans-6.9.1/mobility/sources/netbeans_midp_components_pda-src.zip" />
    <property name="libs.jstl11.classpath" value="/export/home/i57pc13/christoph/netbeans-6.9.1/enterprise/modules/ext/standard.jar:/export/home/i57pc13/christoph/netbeans-6.9.1/enterprise/modules/ext/jstl.jar" />
    <property name="path.separator" value=":" />
    <property name="libs.javaee-web-api-6.0.javadoc" value="/export/home/i57pc13/christoph/netbeans-6.9.1/enterprise/docs/javaee6-doc-api.zip" />
    <property name="sun.io.unicode.encoding" value="UnicodeLittle" />
    <property name="libs.semc-ant-utils.javadoc" value="" />
    <property name="libs.jaxws21.classpath" value="/export/home/i57pc13/christoph/netbeans-6.9.1/ide/modules/ext/jaxb/jaxb-impl.jar:/export/home/i57pc13/christoph/netbeans-6.9.1/ide/modules/ext/jaxb/jaxb-xjc.jar:/export/home/i57pc13/christoph/netbeans-6.9.1/java/modules/ext/jaxws22/FastInfoset.jar:/export/home/i57pc13/christoph/netbeans-6.9.1/java/modules/ext/jaxws22/gmbal-api-only.jar:/export/home/i57pc13/christoph/netbeans-6.9.1/java/modules/ext/jaxws22/http.jar:/export/home/i57pc13/christoph/netbeans-6.9.1/java/modules/ext/jaxws22/jaxws-rt.jar:/export/home/i57pc13/christoph/netbeans-6.9.1/java/modules/ext/jaxws22/jaxws-tools.jar:/export/home/i57pc13/christoph/netbeans-6.9.1/java/modules/ext/jaxws22/management-api.jar:/export/home/i57pc13/christoph/netbeans-6.9.1/java/modules/ext/jaxws22/mimepull.jar:/export/home/i57pc13/christoph/netbeans-6.9.1/java/modules/ext/jaxws22/policy.jar:/export/home/i57pc13/christoph/netbeans-6.9.1/java/modules/ext/jaxws22/saaj-impl.jar:/export/home/i57pc13/christoph/netbeans-6.9.1/java/modules/ext/jaxws22/stax-ex.jar:/export/home/i57pc13/christoph/netbeans-6.9.1/java/modules/ext/jaxws22/streambuffer.jar:/export/home/i57pc13/christoph/netbeans-6.9.1/java/modules/ext/jaxws22/woodstox.jar:/export/home/i57pc13/christoph/netbeans-6.9.1/java/modules/ext/jaxws22/api/jaxws-api.jar:/export/home/i57pc13/christoph/netbeans-6.9.1/java/modules/ext/jaxws22/api/jsr181-api.jar:/export/home/i57pc13/christoph/netbeans-6.9.1/java/modules/ext/jaxws22/api/jsr250-api.jar:/export/home/i57pc13/christoph/netbeans-6.9.1/java/modules/ext/jaxws22/api/saaj-api.jar:/export/home/i57pc13/christoph/netbeans-6.9.1/ide/modules/ext/jaxb/activation.jar:/export/home/i57pc13/christoph/netbeans-6.9.1/ide/modules/ext/jaxb/api/jaxb-api.jar:/export/home/i57pc13/christoph/netbeans-6.9.1/ide/modules/ext/jaxb/api/jsr173_api.jar" />
    <property name="libs.struts.src" value="" />
    <property name="compile.on.save" value="true" />
    <property name="apple.awt.graphics.UseQuartz" value="true" />
    <property name="user.language" value="en" />
    <property name="key.home" value="/export/home/i57pc13/christoph/Programs/key" />
    <property name="libs.spring-framework.classpath" value="/export/home/i57pc13/christoph/netbeans-6.9.1/ide/modules/ext/commons-logging-1.1.jar:/export/home/i57pc13/christoph/netbeans-6.9.1/java/modules/ext/cglib-2.2.jar:/export/home/i57pc13/christoph/netbeans-6.9.1/java/modules/ext/spring/spring-2.5.6.SEC01.jar" />
    <property name="libs.eclipselink.maven-pom" value="" />
    <property name="application.vendor" value="christoph" />
    <property name="libs.spring-framework300.maven-pom" value="" />
    <property name="run.test.classpath" value="/export/home/i57pc13/christoph/Programs/key_lib/recoderKey.jar:/export/home/i57pc13/christoph/Programs/key_lib/log4j.jar:/export/home/i57pc13/christoph/Programs/key_lib/javacc.jar:/export/home/i57pc13/christoph/Programs/key_lib/antlr.jar:build/classes:/export/home/i57pc13/christoph/netbeans-6.9.1/java/modules/ext/junit-3.8.2.jar:/export/home/i57pc13/christoph/netbeans-6.9.1/platform/modules/ext/junit-4.5.jar:build/test/classes" />
    <property name="ant.project.invoked-targets" value="test" />
    <property name="useJavaUtilZip" value="true" />
    <property name="libs.swing-layout.javadoc" value="/export/home/i57pc13/christoph/netbeans-6.9.1/platform/docs/swing-layout-1.0.4-doc.zip" />
    <property name="libs.swing-app-framework.javadoc" value="/export/home/i57pc13/christoph/netbeans-6.9.1/java/docs/appframework-1.0.3-doc.zip" />
    <property name="libs.ejb3-persistence.maven-pom" value="" />
    <property name="libs.proguard.classpath" value="/export/home/i57pc13/christoph/netbeans-6.9.1/mobility/external/proguard/proguard4.4.jar" />
    <property name="libs.DataBindingME-SVG.classpath" value="/export/home/i57pc13/christoph/netbeans-6.9.1/mobility/modules/ext/netbeans_databindingme_svg.jar" />
    <property name="https.nonProxyHosts" value="localhost|127.0.0.1|i57pc13" />
    <property name="libs.PostgreSQLDriver.maven-pom" value="" />
    <property name="java.class.version" value="50.0" />
    <property name="ant.file.type.key-devel" value="file" />
    <property name="libs.javaee-endorsed-api-6.0.src" value="" />
    <property name="libs.cdc-ant-utils.classpath" value="/export/home/i57pc13/christoph/netbeans-6.9.1/mobility/modules/ext/org-netbeans-modules-j2me-cdc-project.jar" />
    <property name="libs.eclipselink.javadoc" value="/export/home/i57pc13/christoph/netbeans-6.9.1/enterprise/docs/javaee6-doc-api.zip" />
    <property name="libs.NetBeans MIDP Components WMA.maven-pom" value="" />
    <property name="libs.jsp-compilation.maven-pom" value="" />
    <property name="user.properties.file" value="/export/home/i57pc13/christoph/.netbeans/6.9/build.properties" />
    <property name="platforms.Sun_Java_TM__Wireless_Toolkit_2_5_2_for_CLDC.runcommandline" value="" />
    <property name="file.reference.eclipse-system" value="../../eclipse/system" />
    <property name="auxiliary.org-netbeans-modules-projectimport-eclipse-core.key" value="src=system/genSrc;src=system;file=key_lib/recoderKey.jar;file=key_lib/log4j.jar;file=key_lib/javacc.jar;file=key_lib/antlr.jar;output=system/binary/;" />
    <property name="runtime.encoding" value="UTF-8" />
    <property name="libs.spring-framework.src" value="" />
    <property name="libs.javac-api.maven-pom" value="" />
    <property name="file.encoding.pkg" value="sun.io" />
    <property name="sun.cpu.endian" value="little" />
    <property name="libs.JWSAntTasks.classpath" value="/export/home/i57pc13/christoph/netbeans-6.9.1/java/ant/extra/org-netbeans-modules-javawebstart-anttasks.jar" />
    <property name="libs.spring-framework300.src" value="" />
    <property name="libs.ant-contrib.classpath" value="/export/home/i57pc13/christoph/netbeans-6.9.1/mobility/modules/ext/ant-contrib-1.0b3.jar" />
    <property name="empty.dir" value="/export/home/i57pc13/christoph/Programs/key/netbeans/eclipse/build/empty" />
    <property name="version-output" value="java version &quot;1.6" />
    <property name="ant.file.key-devel-impl" value="/export/home/i57pc13/christoph/Programs/key/netbeans/eclipse/nbproject/build-impl.xml" />
    <property name="javadoc.preview" value="true" />
    <property name="nbplatform.default.harness.dir" value="/export/home/i57pc13/christoph/netbeans-6.9.1/harness" />
    <property name="java.home" value="/usr/lib64/jvm/java-1.6.0-sun-1.6.0/jre" />
    <property name="libs.ojec-ant-utils.javadoc" value="" />
    <property name="libs.jsp-compilation.src" value="" />
    <property name="libs.ricoh-ant-utils.src" value="" />
    <property name="libs.spring-webmvc.src" value="" />
    <property name="libs.ant-contrib.javadoc" value="" />
    <property name="file.reference.system-genSrc" value="../../eclipse/system/genSrc" />
    <property name="debug.test.classpath" value="/export/home/i57pc13/christoph/Programs/key_lib/recoderKey.jar:/export/home/i57pc13/christoph/Programs/key_lib/log4j.jar:/export/home/i57pc13/christoph/Programs/key_lib/javacc.jar:/export/home/i57pc13/christoph/Programs/key_lib/antlr.jar:build/classes:/export/home/i57pc13/christoph/netbeans-6.9.1/java/modules/ext/junit-3.8.2.jar:/export/home/i57pc13/christoph/netbeans-6.9.1/platform/modules/ext/junit-4.5.jar:build/test/classes" />
    <property name="libs.javaee-endorsed-api-6.0.classpath" value="/export/home/i57pc13/christoph/netbeans-6.9.1/enterprise/modules/ext/javaee6-endorsed/javax.annotation.jar:/export/home/i57pc13/christoph/netbeans-6.9.1/enterprise/modules/ext/javaee6-endorsed/jaxb-api-osgi.jar:/export/home/i57pc13/christoph/netbeans-6.9.1/enterprise/modules/ext/javaee6-endorsed/webservices-api-osgi.jar" />
    <property name="libs.javaee-api-6.0.src" value="" />
    <property name="netbeans.importclass" value="org.netbeans.upgrade.AutoUpgrade" />
    <property name="ant.project.default-target" value="default" />
    <property name="annotation.processing.run.all.processors" value="true" />
    <property name="libs.savaje-ant-utils.classpath" value="/export/home/i57pc13/christoph/netbeans-6.9.1/mobility/modules/ext/org-netbeans-modules-j2me-cdc-project-savaje.jar" />
    <property name="libs.toplink.maven-pom" value="" />
    <property name="libs.DataBindingME.maven-pom" value="" />
    <property name="libs.PostgreSQLDriver.javadoc" value="" />
    <property name="libs.restlib.classpath" value="/export/home/i57pc13/christoph/netbeans-6.9.1/enterprise/modules/ext/rest/asm-3.1.jar:/export/home/i57pc13/christoph/netbeans-6.9.1/enterprise/modules/ext/rest/jackson-core-asl-1.1.1.jar:/export/home/i57pc13/christoph/netbeans-6.9.1/enterprise/modules/ext/rest/jersey-client-1.1.5.1.jar:/export/home/i57pc13/christoph/netbeans-6.9.1/enterprise/modules/ext/rest/jersey-core-1.1.5.1.jar:/export/home/i57pc13/christoph/netbeans-6.9.1/enterprise/modules/ext/rest/jersey-json-1.1.5.1.jar:/export/home/i57pc13/christoph/netbeans-6.9.1/enterprise/modules/ext/rest/jersey-server-1.1.5.1.jar:/export/home/i57pc13/christoph/netbeans-6.9.1/enterprise/modules/ext/rest/jersey-spring-1.1.5.1.jar:/export/home/i57pc13/christoph/netbeans-6.9.1/enterprise/modules/ext/rest/jettison-1.1.jar:/export/home/i57pc13/christoph/netbeans-6.9.1/enterprise/modules/ext/rest/oauth-client-1.1.5.1.jar:/export/home/i57pc13/christoph/netbeans-6.9.1/enterprise/modules/ext/rest/oauth-signature-1.1.5.1.jar:/export/home/i57pc13/christoph/netbeans-6.9.1/ide/modules/ext/jaxb/activation.jar:/export/home/i57pc13/christoph/netbeans-6.9.1/ide/modules/ext/jaxb/api/jaxb-api.jar:/export/home/i57pc13/christoph/netbeans-6.9.1/ide/modules/ext/jaxb/api/jsr173_api.jar" />
    <property name="libs.JMUnit4CLDC11.javadoc" value="/export/home/i57pc13/christoph/netbeans-6.9.1/mobility/modules/docs/jmunit-1.2.1-api.zip" />
    <property name="libs.nsicom-ant-utils.maven-pom" value="" />
    <property name="libs.MySQLDriver.maven-pom" value="" />
    <property name="libs.savaje-ant-utils.src" value="" />
    <property name="http.nonProxyHosts" value="localhost|127.0.0.1|i57pc13" />
    <property name="libs.junit_4.javadoc" value="/export/home/i57pc13/christoph/netbeans-6.9.1/java/docs/junit-4.5-api.zip" />
    <property name="libs.spring-webmvc.javadoc" value="" />
    <property name="libs.toplink.src" value="" />
    <property name="libs.javaee-web-api-6.0.maven-pom" value="" />
    <property name="libs.cdc-pp-awt-layout.classpath" value="/export/home/i57pc13/christoph/netbeans-6.9.1/mobility/modules/ext/cdc-pp-awt-layout.jar" />
    <property name="libs.cdc-agui-swing-layout.src" value="/export/home/i57pc13/christoph/netbeans-6.9.1/mobility/sources/cdc-agui-swing-layout-src.zip" />
    <property name="run.classpath" value="/export/home/i57pc13/christoph/Programs/key_lib/recoderKey.jar:/export/home/i57pc13/christoph/Programs/key_lib/log4j.jar:/export/home/i57pc13/christoph/Programs/key_lib/javacc.jar:/export/home/i57pc13/christoph/Programs/key_lib/antlr.jar:build/classes" />
    <property name="libs.hibernate-support.src" value="" />
    <property name="libs.javaee-endorsed-api-6.0.javadoc" value="/export/home/i57pc13/christoph/netbeans-6.9.1/enterprise/docs/javaee6-doc-api.zip" />
    <property name="libs.JMUnit4CLDC11.classpath" value="/export/home/i57pc13/christoph/netbeans-6.9.1/mobility/modules/ext/jmunit4cldc11-1.2.1.jar" />
    <property name="libs.nb_svg_midp_components.classpath" value="/export/home/i57pc13/christoph/netbeans-6.9.1/mobility/modules/ext/nb_svg_midp_components.jar" />
    <property name="libs.spring-webmvc3.0.javadoc" value="" />
    <property name="annotation.processing.enabled.in.editor" value="false" />
    <property name="auxiliary.org-netbeans-modules-projectimport-eclipse-core.project" value="/export/home/i57pc13/christoph/Programs/key/eclipse" />
    <property name="libs.NetBeans MIDP Components PDA.classpath" value="/export/home/i57pc13/christoph/netbeans-6.9.1/mobility/modules/ext/netbeans_midp_components_pda.jar" />
    <property name="libs.semc-ant-utils.maven-pom" value="" />
    <property name="libs.nokiadeployment.maven-pom" value="" />
    <property name="libs.restapi.src" value="" />
    <property name="libs.NetBeans MIDP Components.javadoc" value="/export/home/i57pc13/christoph/netbeans-6.9.1/mobility/modules/docs/netbeans_midp_components_basic-api.zip" />
    <property name="sun.management.compiler" value="HotSpot 64-Bit Server Compiler" />
    <property name="javac.deprecation" value="true" />
    <property name="javadoc.use" value="true" />
    <property name="jna.boot.library.path" value="/export/home/i57pc13/christoph/.netbeans/6.9/var/cache/jna" />
    <property name="sun.java2d.noddraw" value="true" />
    <property name="libs.jsp-compiler.classpath" value="/export/home/i57pc13/christoph/netbeans-6.9.1/enterprise/ant/extra/jspcompile.jar" />
    <property name="javac.processorpath" value="/export/home/i57pc13/christoph/Programs/key_lib/recoderKey.jar:/export/home/i57pc13/christoph/Programs/key_lib/log4j.jar:/export/home/i57pc13/christoph/Programs/key_lib/javacc.jar:/export/home/i57pc13/christoph/Programs/key_lib/antlr.jar" />
    <property name="platforms.Sun_Java_TM__Wireless_Toolkit_2_5_2_for_CLDC.type" value="UEI-1.0.1" />
    <property name="libs.spring-webmvc.classpath" value="/export/home/i57pc13/christoph/netbeans-6.9.1/enterprise/modules/ext/spring/spring-webmvc-2.5.6.SEC01.jar" />
    <property name="javac.compilerargs" value="-Xlint:fallthrough -Xlint:finally" />
    <property name="ant.file" value="/export/home/i57pc13/christoph/Programs/key/netbeans/eclipse/build.xml" />
    <property name="libs.beans-binding.maven-pom" value="" />
    <property name="libs.jsf12.classpath" value="/export/home/i57pc13/christoph/netbeans-6.9.1/enterprise/modules/ext/jsf-1_2/commons-beanutils.jar:/export/home/i57pc13/christoph/netbeans-6.9.1/enterprise/modules/ext/jsf-1_2/commons-collections.jar:/export/home/i57pc13/christoph/netbeans-6.9.1/enterprise/modules/ext/jsf-1_2/commons-digester.jar:/export/home/i57pc13/christoph/netbeans-6.9.1/enterprise/modules/ext/jsf-1_2/commons-logging.jar:/export/home/i57pc13/christoph/netbeans-6.9.1/enterprise/modules/ext/jsf-1_2/jsf-api.jar:/export/home/i57pc13/christoph/netbeans-6.9.1/enterprise/modules/ext/jsf-1_2/jsf-impl.jar" />
    <property name="sun.awt.exception.handler" value="de.uka.ilkd.key.gui.ExceptionalHandler" />
    <property name="libs.restapi.maven-pom" value="" />
    <property name="libs.beans-binding.src" value="" />
    <property name="libs.NetBeans MIDP Components PDA.javadoc" value="/export/home/i57pc13/christoph/netbeans-6.9.1/mobility/modules/docs/netbeans_midp_components_pda-api.zip" />
    <property name="java.vm.specification.vendor" value="Sun Microsystems Inc." />
    <property name="libs.DataBindingME-PIM.javadoc" value="/export/home/i57pc13/christoph/netbeans-6.9.1/mobility/modules/docs/netbeans_databindingme_pim-api.zip" />
    <property name="file.reference.key-system" value="../../system" />
    <property name="libs.swing-layout.src" value="/export/home/i57pc13/christoph/netbeans-6.9.1/platform/docs/swing-layout-1.0.4-src.zip" />
    <property name="libs.j2me_ant_ext.src" value="" />
    <property name="org.openide.major.version" value="IDE/1" />
    <property name="java.vm.name" value="Java HotSpot(TM) 64-Bit Server VM" />
    <property name="netbeans.user" value="/export/home/i57pc13/christoph/.netbeans/6.9" />
    <property name="javadoc.additionalparam" value="" />
    <property name="libs.ricoh-ant-utils.classpath" value="/export/home/i57pc13/christoph/netbeans-6.9.1/mobility/modules/ext/org-netbeans-modules-j2me-cdc-project-ricoh.jar:/export/home/i57pc13/christoph/netbeans-6.9.1/mobility/modules/ext/RicohAntTasks-2.0.jar:/export/home/i57pc13/christoph/netbeans-6.9.1/mobility/modules/ext/commons-httpclient-3.0.jar:/export/home/i57pc13/christoph/netbeans-6.9.1/ide/modules/ext/commons-logging-1.1.jar:/export/home/i57pc13/christoph/netbeans-6.9.1/mobility/modules/ext/commons-codec-1.3.jar" />
    <property name="java.io.tmpdir" value="/tmp" />
    <property name="java.vendor.url" value="http://java.sun.com/" />
    <property name="endorsed.classpath.cmd.line.arg" value="" />
    <property name="libs.jsp-compiler.src" value="" />
    <property name="sun.boot.library.path" value="/usr/lib64/jvm/java-1.6.0-sun-1.6.0/jre/lib/amd64" />
    <property name="have.sources" value="true" />
    <property name="debug.classpath" value="/export/home/i57pc13/christoph/Programs/key_lib/recoderKey.jar:/export/home/i57pc13/christoph/Programs/key_lib/log4j.jar:/export/home/i57pc13/christoph/Programs/key_lib/javacc.jar:/export/home/i57pc13/christoph/Programs/key_lib/antlr.jar:build/classes" />
    <property name="javadoc.private" value="false" />
    <property name="libs.jsf20.classpath" value="/export/home/i57pc13/christoph/netbeans-6.9.1/enterprise/modules/ext/jsf-2_0/jsf-api.jar:/export/home/i57pc13/christoph/netbeans-6.9.1/enterprise/modules/ext/jsf-2_0/jsf-impl.jar" />
    <property name="ap.processors.internal" value="" />
    <property name="meta.inf.dir" value="${src.dir}/META-INF" />
    <property name="javadoc.encoding.used" value="UTF-8" />
    <property name="libs.DataBindingME-SVG.src" value="" />
    <property name="dist.jar" value="dist/key-devel.jar" />
    <property name="java.runtime.name" value="Java(TM) SE Runtime Environment" />
    <property name="ant.project.name" value="key-devel" />
    <property name="netbeans.hash.code" value="unique=NB_CND_FX_GROOVY_JAVA_MOB_PHP_RUBY_WEBEE038794725-3d57-4cd9-ba43-40e64f2b7d1f_33294022-0549-4b45-8a0d-c8f9b598e24d" />
    <property name="libs.j2me_ant_ext.maven-pom" value="" />
    <property name="sun.cpu.isalist" value="" />
    <property name="libs.CopyLibs.javadoc" value="" />
    <property name="libs.ActiveSync.javadoc" value="" />
    <property name="org.openide.specification.version" value="6.2" />
    <property name="libs.DataBindingME-PIM.classpath" value="/export/home/i57pc13/christoph/netbeans-6.9.1/mobility/modules/ext/netbeans_databindingme_pim.jar" />
    <property name="libs.hibernate-support.classpath" value="/export/home/i57pc13/christoph/netbeans-6.9.1/java/modules/ext/hibernate/antlr-2.7.6.jar:/export/home/i57pc13/christoph/netbeans-6.9.1/java/modules/ext/hibernate/asm.jar:/export/home/i57pc13/christoph/netbeans-6.9.1/java/modules/ext/hibernate/asm-attrs.jar:/export/home/i57pc13/christoph/netbeans-6.9.1/java/modules/ext/hibernate/cglib-2.1.3.jar:/export/home/i57pc13/christoph/netbeans-6.9.1/java/modules/ext/hibernate/commons-collections-2.1.1.jar:/export/home/i57pc13/christoph/netbeans-6.9.1/ide/modules/ext/commons-logging-1.1.jar:/export/home/i57pc13/christoph/netbeans-6.9.1/java/modules/ext/hibernate/dom4j-1.6.1.jar:/export/home/i57pc13/christoph/netbeans-6.9.1/java/modules/ext/hibernate/ehcache-1.2.3.jar:/export/home/i57pc13/christoph/netbeans-6.9.1/java/modules/ext/hibernate/jdbc2_0-stdext.jar:/export/home/i57pc13/christoph/netbeans-6.9.1/java/modules/ext/hibernate/jta.jar:/export/home/i57pc13/christoph/netbeans-6.9.1/java/modules/ext/hibernate/hibernate3.jar:/export/home/i57pc13/christoph/netbeans-6.9.1/java/modules/ext/hibernate/hibernate-tools.jar:/export/home/i57pc13/christoph/netbeans-6.9.1/java/modules/ext/hibernate/hibernate-annotations.jar:/export/home/i57pc13/christoph/netbeans-6.9.1/java/modules/ext/hibernate/hibernate-commons-annotations.jar:/export/home/i57pc13/christoph/netbeans-6.9.1/java/modules/ext/hibernate/hibernate-entitymanager.jar:/export/home/i57pc13/christoph/netbeans-6.9.1/java/modules/ext/hibernate/javassist.jar" />
    <property name="user.home" value="/export/home/i57pc13/christoph" />
    <property name="annotation.processing.processors.list" value="" />
    <property name="debug-args-line" value="-Xdebug" />
    <property name="libs.NetBeans MIDP Components.classpath" value="/export/home/i57pc13/christoph/netbeans-6.9.1/mobility/modules/ext/netbeans_midp_components_basic.jar" />
    <property name="libs.javaee-api-6.0.maven-pom" value="" />
    <property name="libs.JWSAntTasks.src" value="" />
    <property name="libs.CopyLibs.maven-pom" value="" />
    <property name="jar.index" value="false" />
    <property name="libs.absolutelayout.javadoc" value="" />
    <property name="libs.hibernate-persistence.maven-pom" value="" />
    <property name="libs.spring-framework300.javadoc" value="" />
    <property name="java.specification.name" value="Java Platform API Specification" />
    <property name="libs.swing-app-framework.maven-pom" value="" />
    <property name="libs.jakarta_slide_ant_webdav.maven-pom" value="" />
    <property name="libs.NetBeans MIDP Components WMA.classpath" value="/export/home/i57pc13/christoph/netbeans-6.9.1/mobility/modules/ext/netbeans_midp_components_wma.jar" />
    <property name="file.reference.system-test" value="../../system/test" />
    <property name="libs.sjmc-ant-utils.src" value="" />
    <property name="libs.cdc-agui-swing-layout.javadoc" value="" />
    <property name="java.specification.vendor" value="Sun Microsystems Inc." />
    <property name="libs.javac-api.classpath" value="/export/home/i57pc13/christoph/netbeans-6.9.1/java/modules/ext/javac-api-nb-7.0-b07.jar" />
    <property name="libs.nokiaS80-ant-utils.classpath" value="/export/home/i57pc13/christoph/netbeans-6.9.1/mobility/modules/ext/org-netbeans-modules-j2me-cdc-project-nokiaS80.jar" />
    <property name="java.version" value="1.6.0_24" />
    <property name="libs.NetBeans MIDP Components WMA.javadoc" value="/export/home/i57pc13/christoph/netbeans-6.9.1/mobility/modules/docs/netbeans_midp_components_wma-api.zip" />
    <property name="javadoc.version" value="false" />
    <property name="libs.MySQLDriver.javadoc" value="" />
    <property name="org.openide.version" value="deprecated" />
    <property name="source.encoding" value="UTF-8" />
    <property name="libs.ActiveSync.maven-pom" value="" />
    <property name="ap.cmd.line.internal" value="" />
    <property name="libs.junit.maven-pom" value="" />
    <property name="libs.metro.javadoc" value="/export/home/i57pc13/christoph/netbeans-6.9.1/enterprise/docs/metro-1.4-doc.zip" />
    <property name="libs.struts.maven-pom" value="" />
    <property name="netbeans.home+have.tests" value="true" />
    <property name="annotation.processing.processor.options" value="" />
    <property name="file.reference.system-recoder" value="../../system/recoder" />
    <property name="libs.jaxb.src" value="" />
    <property name="libs.IdentityAntTasks.maven-pom" value="" />
    <property name="work.dir" value="/export/home/i57pc13/christoph/Programs/key/netbeans/eclipse" />
    <property name="libs.cdc-ant-utils.src" value="" />
    <property name="libs.jaxb.classpath" value="/export/home/i57pc13/christoph/netbeans-6.9.1/ide/modules/ext/jaxb/jaxb-impl.jar:/export/home/i57pc13/christoph/netbeans-6.9.1/ide/modules/ext/jaxb/jaxb-xjc.jar:/export/home/i57pc13/christoph/netbeans-6.9.1/ide/modules/ext/jaxb/jaxb1-impl.jar:/export/home/i57pc13/christoph/netbeans-6.9.1/ide/modules/ext/jaxb/activation.jar:/export/home/i57pc13/christoph/netbeans-6.9.1/ide/modules/ext/jaxb/api/jaxb-api.jar:/export/home/i57pc13/christoph/netbeans-6.9.1/ide/modules/ext/jaxb/api/jsr173_api.jar" />
    <property name="do.depend" value="false" />
    <property name="dist.javadoc.dir" value="dist/javadoc" />
    <property name="libs.spring-webmvc3.0.classpath" value="/export/home/i57pc13/christoph/netbeans-6.9.1/java/modules/ext/spring-3.0/spring-webmvc-3.0.2.RELEASE.jar" />
    <property name="libs.swing-layout.classpath" value="/export/home/i57pc13/christoph/netbeans-6.9.1/platform/modules/ext/swing-layout-1.0.4.jar" />
    <property name="src.genSrc.dir" value="../../system/genSrc" />
    <property name="libs.restlib.src" value="" />
    <property name="javac.source" value="1.6" />
    <property name="build.generated.dir" value="build/generated" />
    <property name="line.separator" value="
" />
    <property name="libs.proguard.src" value="" />
    <property name="libs.hibernate-persistence.src" value="" />
    <property name="java.specification.version" value="1.6" />
    <property name="libs.nb_svg_midp_components.javadoc" value="/export/home/i57pc13/christoph/netbeans-6.9.1/mobility/modules/docs/nb_svg_midp_components-api.zip" />
    <property name="libs.jaxws21.maven-pom" value="" />
    <property name="java.vm.info" value="mixed mode" />
    <property name="libs.cdc-ant-utils.javadoc" value="" />
    <property name="libs.ojec-ant-utils.classpath" value="/export/home/i57pc13/christoph/netbeans-6.9.1/mobility/modules/ext/org-netbeans-modules-j2me-cdc-project-ojec.jar" />
    <property name="libs.spring-framework.maven-pom" value="" />
    <property name="sun.boot.class.path" value="/usr/lib64/jvm/java-1.6.0-sun-1.6.0/jre/lib/resources.jar:/usr/lib64/jvm/java-1.6.0-sun-1.6.0/jre/lib/rt.jar:/usr/lib64/jvm/java-1.6.0-sun-1.6.0/jre/lib/sunrsasign.jar:/usr/lib64/jvm/java-1.6.0-sun-1.6.0/jre/lib/jsse.jar:/usr/lib64/jvm/java-1.6.0-sun-1.6.0/jre/lib/jce.jar:/usr/lib64/jvm/java-1.6.0-sun-1.6.0/jre/lib/charsets.jar:/usr/lib64/jvm/java-1.6.0-sun-1.6.0/jre/lib/modules/jdk.boot.jar:/usr/lib64/jvm/java-1.6.0-sun-1.6.0/jre/classes" />
    <property name="javac.target" value="1.6" />
    <property name="built-jar.properties" value="/export/home/i57pc13/christoph/Programs/key/netbeans/eclipse/build/built-jar.properties" />
    <property name="file.reference.system-resources" value="../../system/resources" />
    <property name="build.test.classes.dir" value="build/test/classes" />
    <property name="libs.IdentityAntTasks.javadoc" value="" />
    <property name="annotation.processing.enabled" value="true" />
    <property name="libs.jsf20.src" value="" />
    <property name="libs.proguard.maven-pom" value="" />
    <property name="libs.DataBindingME-SVG.maven-pom" value="" />
    <property name="libs.jsf12.src" value="" />
    <property name="libs.nokiadeployment.src" value="" />
    <property name="libs.savaje-ant-utils.javadoc" value="" />
    <property name="nbplatform.default.netbeans.dest.dir" value="/export/home/i57pc13/christoph/netbeans-6.9.1" />
    <property name="libs.struts.javadoc" value="/export/home/i57pc13/christoph/netbeans-6.9.1/enterprise/docs/struts-1.3.8-javadoc.zip" />
    <property name="platforms.Sun_Java_TM__Wireless_Toolkit_2_5_2_for_CLDC.debugcommandline" value="" />
    <property name="libs.cdc-ant-utils.maven-pom" value="" />
    <property name="libs.cdc-agui-swing-layout.classpath" value="/export/home/i57pc13/christoph/netbeans-6.9.1/mobility/modules/ext/cdc-agui-swing-layout.jar" />
    <property name="dist.dir" value="dist" />
    <property name="libs.groovy-all.javadoc" value="" />
    <property name="libs.groovy-all.classpath" value="/export/home/i57pc13/christoph/netbeans-6.9.1/groovy/modules/ext/groovy-all.jar" />
    <property name="javac.fork" value="false" />
    <property name="libs.sjmc-ant-utils.classpath" value="/export/home/i57pc13/christoph/netbeans-6.9.1/mobility/modules/ext/org-netbeans-modules-j2me-cdc-project-sjmc.jar" />
    <property name="java.awt.printerjob" value="sun.print.PSPrinterJob" />
    <property name="libs.JMUnit4CLDC10.classpath" value="/export/home/i57pc13/christoph/netbeans-6.9.1/mobility/modules/ext/jmunit4cldc10-1.2.1.jar" />
    <property name="default.javac.source" value="1.6" />
    <property name="debug-transport-by-os" value="dt_socket" />
    <property name="sun.jnu.encoding" value="UTF-8" />
    <property name="libs.MySQLDriver.src" value="" />
    <property name="ant.file.type.key-devel-impl" value="file" />
    <property name="libs.ant-contrib.maven-pom" value="" />
    <property name="libs.nokiadeployment.javadoc" value="" />
    <property name="java.runtime.version" value="1.6.0_24-b07" />
    <property name="build.test.results.dir" value="build/test/results" />
    <property name="libs.ejb3-persistence.javadoc" value="" />
    <property name="file.reference.system-genSrc-1" value="../../system/genSrc" />
    <property name="libs.NetBeans MIDP Components.src" value="/export/home/i57pc13/christoph/netbeans-6.9.1/mobility/sources/netbeans_midp_components_basic-src.zip" />
    <property name="libs.sjmc-ant-utils.javadoc" value="" />
    <property name="default.javac.target" value="1.6" />
    <property name="libs.junit_4.classpath" value="/export/home/i57pc13/christoph/netbeans-6.9.1/platform/modules/ext/junit-4.5.jar" />
    <property name="src.src.dir" value="../../system/src" />
    <property name="user.timezone" value="" />
    <property name="do.jar" value="true" />
    <property name="libs.ant-contrib.src" value="" />
    <property name="libs.javaee-endorsed-api-6.0.maven-pom" value="" />
    <property name="netbeans.dirs" value="/export/home/i57pc13/christoph/netbeans-6.9.1/nb:/export/home/i57pc13/christoph/netbeans-6.9.1/ergonomics:/export/home/i57pc13/christoph/netbeans-6.9.1/ide:/export/home/i57pc13/christoph/netbeans-6.9.1/java:/export/home/i57pc13/christoph/netbeans-6.9.1/bin/../xml:/export/home/i57pc13/christoph/netbeans-6.9.1/apisupport:/export/home/i57pc13/christoph/netbeans-6.9.1/bin/../webcommon:/export/home/i57pc13/christoph/netbeans-6.9.1/websvccommon:/export/home/i57pc13/christoph/netbeans-6.9.1/enterprise:/export/home/i57pc13/christoph/netbeans-6.9.1/mobility:/export/home/i57pc13/christoph/netbeans-6.9.1/profiler:/export/home/i57pc13/christoph/netbeans-6.9.1/ruby:/export/home/i57pc13/christoph/netbeans-6.9.1/bin/../python:/export/home/i57pc13/christoph/netbeans-6.9.1/php:/export/home/i57pc13/christoph/netbeans-6.9.1/bin/../visualweb:/export/home/i57pc13/christoph/netbeans-6.9.1/bin/../soa:/export/home/i57pc13/christoph/netbeans-6.9.1/identity:/export/home/i57pc13/christoph/netbeans-6.9.1/bin/../uml:/export/home/i57pc13/christoph/netbeans-6.9.1/harness:/export/home/i57pc13/christoph/netbeans-6.9.1/cnd:/export/home/i57pc13/christoph/netbeans-6.9.1/dlight:/export/home/i57pc13/christoph/netbeans-6.9.1/groovy:/export/home/i57pc13/christoph/netbeans-6.9.1/bin/../extra:/export/home/i57pc13/christoph/netbeans-6.9.1/javafx:/export/home/i57pc13/christoph/netbeans-6.9.1/bin/../javacard:" />
    <property name="libs.jsf20.javadoc" value="/export/home/i57pc13/christoph/netbeans-6.9.1/enterprise/docs/javaee6-doc-api.zip" />
    <property name="java.ext.dirs" value="/usr/lib64/jvm/java-1.6.0-sun-1.6.0/jre/lib/ext:/usr/java/packages/lib/ext" />
    <property name="libs.metro.src" value="" />
    <property name="endorsed.classpath" value="" />
    <property name="libs.semc-ant-utils.src" value="" />
    <property name="libs.savaje-ant-utils.maven-pom" value="" />
    <property name="libs.absolutelayout.classpath" value="/export/home/i57pc13/christoph/netbeans-6.9.1/java/modules/ext/AbsoluteLayout.jar" />
    <property name="excludes" value="" />
    <property name="libs.metro.classpath" value="/export/home/i57pc13/christoph/netbeans-6.9.1/ide/modules/ext/jaxb/activation.jar:/export/home/i57pc13/christoph/netbeans-6.9.1/enterprise/modules/ext/metro/webservices-api.jar:/export/home/i57pc13/christoph/netbeans-6.9.1/enterprise/modules/ext/metro/webservices-extra-api.jar:/export/home/i57pc13/christoph/netbeans-6.9.1/enterprise/modules/ext/metro/webservices-extra.jar:/export/home/i57pc13/christoph/netbeans-6.9.1/enterprise/modules/ext/metro/webservices-rt.jar:/export/home/i57pc13/christoph/netbeans-6.9.1/enterprise/modules/ext/metro/webservices-tools.jar" />
    <property name="libs.restlib.maven-pom" value="" />
    <property name="libs.DataBindingME.javadoc" value="/export/home/i57pc13/christoph/netbeans-6.9.1/mobility/modules/docs/netbeans_databindingme-api.zip" />
    <property name="apple.laf.useScreenMenuBar" value="true" />
    <property name="java.class.path" value="/export/home/i57pc13/christoph/Programs/key_lib/recoderKey.jar:/export/home/i57pc13/christoph/Programs/key_lib/log4j.jar:/export/home/i57pc13/christoph/Programs/key_lib/javacc.jar:/export/home/i57pc13/christoph/Programs/key_lib/antlr.jar:/export/home/i57pc13/christoph/Programs/key/netbeans/eclipse/build/classes:/export/home/i57pc13/christoph/netbeans-6.9.1/java/modules/ext/junit-3.8.2.jar:/export/home/i57pc13/christoph/netbeans-6.9.1/platform/modules/ext/junit-4.5.jar:/export/home/i57pc13/christoph/Programs/key/netbeans/eclipse/build/test/classes:/export/home/i57pc13/christoph/netbeans-6.9.1/java/ant/lib/ant-launcher.jar:/export/home/i57pc13/christoph/netbeans-6.9.1/java/ant/lib/ant.jar:/export/home/i57pc13/christoph/netbeans-6.9.1/java/ant/patches/72080.jar" />
    <property name="file.reference.recoderKey.jar" value="/export/home/i57pc13/christoph/Programs/key_lib/recoderKey.jar" />
    <property name="do.mkdist" value="true" />
    <property name="libs.absolutelayout.src" value="" />
    <property name="libs.cdc-pp-awt-layout.maven-pom" value="" />
    <property name="os.version" value="2.6.34.7-0.7-desktop" />
    <property name="application.args" value="" />
    <property name="libs.JMUnit4CLDC11.maven-pom" value="" />
    <property name="main.class.available" value="true" />
    <property name="libs.toplink.javadoc" value="/export/home/i57pc13/christoph/netbeans-6.9.1/enterprise/docs/javaee6-doc-api.zip" />
    <property name="libs.nb_svg_midp_components.maven-pom" value="" />
    <property name="libs.ricoh-ant-utils.javadoc" value="" />
    <property name="libs.NetBeans MIDP Components PDA.maven-pom" value="" />
    <property name="libs.restlib.javadoc" value="/export/home/i57pc13/christoph/netbeans-6.9.1/enterprise/docs/jersey-client-1.1.5.1-javadoc.zip:/export/home/i57pc13/christoph/netbeans-6.9.1/enterprise/docs/jersey-core-1.1.5.1-javadoc.zip:/export/home/i57pc13/christoph/netbeans-6.9.1/enterprise/docs/jersey-json-1.1.5.1-javadoc.zip:/export/home/i57pc13/christoph/netbeans-6.9.1/enterprise/docs/jersey-spring-1.1.5.1-javadoc.zip:/export/home/i57pc13/christoph/netbeans-6.9.1/enterprise/docs/oauth-client-1.1.5.1-javadoc.zip:/export/home/i57pc13/christoph/netbeans-6.9.1/enterprise/docs/oauth-signature-1.1.5.1-javadoc.zip" />
    <property name="file.reference.antlr.jar" value="/export/home/i57pc13/christoph/Programs/key_lib/antlr.jar" />
    <property name="libs.eclipselink.classpath" value="/export/home/i57pc13/christoph/netbeans-6.9.1/java/modules/ext/eclipselink/eclipselink-2.0.2.jar:/export/home/i57pc13/christoph/netbeans-6.9.1/java/modules/ext/eclipselink/eclipselink-javax.persistence-2.0.jar" />
    <property name="libs.beans-binding.javadoc" value="/export/home/i57pc13/christoph/netbeans-6.9.1/java/docs/beansbinding-1.2.1-doc.zip" />
    <property name="java.awt.graphicsenv" value="sun.awt.X11GraphicsEnvironment" />
    <property name="java.vm.vendor" value="Sun Microsystems Inc." />
    <property name="libs.CopyLibs.classpath" value="/export/home/i57pc13/christoph/netbeans-6.9.1/java/ant/extra/org-netbeans-modules-java-j2seproject-copylibstask.jar" />
    <property name="libs.spring-framework300.classpath" value="/export/home/i57pc13/christoph/netbeans-6.9.1/ide/modules/ext/commons-logging-1.1.jar:/export/home/i57pc13/christoph/netbeans-6.9.1/java/modules/ext/cglib-2.2.jar:/export/home/i57pc13/christoph/netbeans-6.9.1/java/modules/ext/spring-3.0/spring-aop-3.0.2.RELEASE.jar:/export/home/i57pc13/christoph/netbeans-6.9.1/java/modules/ext/spring-3.0/spring-asm-3.0.2.RELEASE.jar:/export/home/i57pc13/christoph/netbeans-6.9.1/java/modules/ext/spring-3.0/spring-aspects-3.0.2.RELEASE.jar:/export/home/i57pc13/christoph/netbeans-6.9.1/java/modules/ext/spring-3.0/spring-beans-3.0.2.RELEASE.jar:/export/home/i57pc13/christoph/netbeans-6.9.1/java/modules/ext/spring-3.0/spring-context-3.0.2.RELEASE.jar:/export/home/i57pc13/christoph/netbeans-6.9.1/java/modules/ext/spring-3.0/spring-context-support-3.0.2.RELEASE.jar:/export/home/i57pc13/christoph/netbeans-6.9.1/java/modules/ext/spring-3.0/spring-core-3.0.2.RELEASE.jar:/export/home/i57pc13/christoph/netbeans-6.9.1/java/modules/ext/spring-3.0/spring-expression-3.0.2.RELEASE.jar:/export/home/i57pc13/christoph/netbeans-6.9.1/java/modules/ext/spring-3.0/spring-instrument-3.0.2.RELEASE.jar:/export/home/i57pc13/christoph/netbeans-6.9.1/java/modules/ext/spring-3.0/spring-instrument-tomcat-3.0.2.RELEASE.jar:/export/home/i57pc13/christoph/netbeans-6.9.1/java/modules/ext/spring-3.0/spring-jdbc-3.0.2.RELEASE.jar:/export/home/i57pc13/christoph/netbeans-6.9.1/java/modules/ext/spring-3.0/spring-jms-3.0.2.RELEASE.jar:/export/home/i57pc13/christoph/netbeans-6.9.1/java/modules/ext/spring-3.0/spring-orm-3.0.2.RELEASE.jar:/export/home/i57pc13/christoph/netbeans-6.9.1/java/modules/ext/spring-3.0/spring-oxm-3.0.2.RELEASE.jar:/export/home/i57pc13/christoph/netbeans-6.9.1/java/modules/ext/spring-3.0/spring-test-3.0.2.RELEASE.jar:/export/home/i57pc13/christoph/netbeans-6.9.1/java/modules/ext/spring-3.0/spring-tx-3.0.2.RELEASE.jar:/export/home/i57pc13/christoph/netbeans-6.9.1/java/modules/ext/spring-3.0/spring-web-3.0.2.RELEASE.jar:/export/home/i57pc13/christoph/netbeans-6.9.1/java/modules/ext/spring-3.0/spring-webmvc-portlet-3.0.2.RELEASE.jar:/export/home/i57pc13/christoph/netbeans-6.9.1/java/modules/ext/spring-3.0/spring-webmvc-3.0.2.RELEASE.jar:/export/home/i57pc13/christoph/netbeans-6.9.1/java/modules/ext/spring-3.0/spring-struts-3.0.2.RELEASE.jar" />
    <property name="libs.jsp-compiler.maven-pom" value="" />
    <property name="libs.spring-webmvc.maven-pom" value="" />
    <property name="run.jvmargs" value="-Xms64m -Xmx2048m -Dkey.home=/export/home/i57pc13/christoph/Programs/key -Dsun.awt.exception.handler=de.uka.ilkd.key.gui.ExceptionalHandler" />
    <property name="libs.ejb3-persistence.classpath" value="/export/home/i57pc13/christoph/netbeans-6.9.1/java/modules/ext/hibernate/ejb3-persistence.jar" />
    <property name="libs.spring-framework.javadoc" value="" />
    <property name="libs.DataBindingME-PIM.src" value="" />
    <property name="libs.PostgreSQLDriver.classpath" value="/export/home/i57pc13/christoph/netbeans-6.9.1/ide/modules/ext/postgresql-8.3-603.jdbc3.jar" />
    <property name="libs.jsf12.maven-pom" value="" />
    <property name="file.reference.system-src" value="../../system/src" />
    <property name="libs.junit.src" value="" />
    <property name="annotation.processing.source.output" value="build/generated-sources/ap-source-output" />
    <property name="main.class" value="de.uka.ilkd.key.gui.Main" />
    <property name="libs.CopyLibs.src" value="" />
    <property name="auxiliary.org-netbeans-modules-projectimport-eclipse-core.timestamp" value="1299495662000" />
    <property name="build.dir" value="build" />
    <property name="libs.jsp-compilation.classpath" value="/export/home/i57pc13/christoph/netbeans-6.9.1/java/ant/lib/ant.jar:/export/home/i57pc13/christoph/netbeans-6.9.1/enterprise/modules/ext/servlet2.5-jsp2.1-api.jar:/export/home/i57pc13/christoph/netbeans-6.9.1/enterprise/modules/ext/glassfish-jspparser-2.0.jar:/export/home/i57pc13/christoph/netbeans-6.9.1/enterprise/modules/ext/glassfish-logging-2.0.jar:/export/home/i57pc13/christoph/netbeans-6.9.1/ide/modules/ext/commons-logging-1.1.jar:/export/home/i57pc13/christoph/netbeans-6.9.1/java/ant/lib/ant-launcher.jar" />
    <property name="ant.version" value="Apache Ant version 1.8.1 compiled on April 30 2010" />
    <property name="file.encoding" value="UTF-8" />
    <property name="build.classes.excludes" value="**/*.java,**/*.form" />
    <property name="javadoc.nonavbar" value="false" />
    <property name="platform.active" value="default_platform" />
  </properties>
  <testcase classname="junit.framework.TestSuite$1" name="warning" time="0.0070">
    <failure message="No tests found in de.uka.ilkd.key.util.removegenerics.ResolveGenericClassTest" type="junit.framework.AssertionFailedError">junit.framework.AssertionFailedError: No tests found in de.uka.ilkd.key.util.removegenerics.ResolveGenericClassTest
</failure>
  </testcase>
  <system-out><![CDATA[]]></system-out>
  <system-err><![CDATA[]]></system-err>
</testsuite>
