<?xml version="1.0" encoding="UTF-8" ?>
<testsuite errors="1" failures="0" hostname="MaC-TU-DS-XPS" name="de.uka.ilkd.key.util.removegenerics.AllTests" skipped="0" tests="1" time="0.0" timestamp="2015-06-26T14:45:11">
  <properties>
    <property name="java.vendor" value="Oracle Corporation" />
    <property name="lib.dir" value="D:\Forschung\GIT\KeY\key\key.removegenerics.test/../key.core/lib/" />
    <property name="sun.java.launcher" value="SUN_STANDARD" />
    <property name="eclipse.pdebuild.templates" value="/D:/Forschung/Tools/eclipse 4.4 SR2 (64bit)/plugins/org.eclipse.pde.build_3.9.0.v20140415-2029/templates/" />
    <property name="sun.management.compiler" value="HotSpot 64-Bit Tiered Compilers" />
    <property name="os.name" value="Windows 8.1" />
    <property name="sun.boot.class.path" value="C:\Program Files\Java\jdk1.7.0_76\jre\lib\resources.jar;C:\Program Files\Java\jdk1.7.0_76\jre\lib\rt.jar;C:\Program Files\Java\jdk1.7.0_76\jre\lib\sunrsasign.jar;C:\Program Files\Java\jdk1.7.0_76\jre\lib\jsse.jar;C:\Program Files\Java\jdk1.7.0_76\jre\lib\jce.jar;C:\Program Files\Java\jdk1.7.0_76\jre\lib\charsets.jar;C:\Program Files\Java\jdk1.7.0_76\jre\lib\jfr.jar;C:\Program Files\Java\jdk1.7.0_76\jre\classes" />
    <property name="sun.desktop" value="windows" />
    <property name="java.vm.specification.vendor" value="Oracle Corporation" />
    <property name="ant.home" value="D:\Forschung\Tools\eclipse 4.4 SR2 (64bit)\plugins\org.apache.ant_1.9.2.v201404171502" />
    <property name="java.runtime.version" value="1.7.0_76-b13" />
    <property name="user.name" value="Martin" />
    <property name="build.dir" value="D:\Forschung\GIT\KeY\key\key.removegenerics.test/bin" />
    <property name="user.language" value="de" />
    <property name="sun.boot.library.path" value="C:\Program Files\Java\jdk1.7.0_76\jre\bin" />
    <property name="ant.project.default-target" value="compile" />
    <property name="ant.project.name" value="key.removegenerics.test" />
    <property name="java.version" value="1.7.0_76" />
    <property name="user.timezone" value="" />
    <property name="sun.arch.data.model" value="64" />
    <property name="java.endorsed.dirs" value="C:\Program Files\Java\jdk1.7.0_76\jre\lib\endorsed" />
    <property name="ant.file.key.removegenerics.test" value="D:\Forschung\GIT\KeY\key\key.removegenerics.test\build.xml" />
    <property name="sun.cpu.isalist" value="amd64" />
    <property name="sun.jnu.encoding" value="Cp1252" />
    <property name="file.encoding.pkg" value="sun.io" />
    <property name="file.separator" value="\" />
    <property name="java.specification.name" value="Java Platform API Specification" />
    <property name="java.class.version" value="51.0" />
    <property name="user.country" value="DE" />
    <property name="java.home" value="C:\Program Files\Java\jdk1.7.0_76\jre" />
    <property name="dist.dir" value="D:\Forschung\GIT\KeY\key\key.removegenerics.test/../deployment/components" />
    <property name="java.vm.info" value="mixed mode" />
    <property name="ant.file" value="D:\Forschung\GIT\KeY\key\key.removegenerics.test\build.xml" />
    <property name="os.version" value="6.3" />
    <property name="test.reports" value="D:\Forschung\GIT\KeY\key\key.removegenerics.test/testresults/" />
    <property name="path.separator" value=";" />
    <property name="java.vm.version" value="24.76-b04" />
    <property name="user.variant" value="" />
    <property name="ant.library.dir" value="D:\Forschung\Tools\eclipse 4.4 SR2 (64bit)\plugins\org.apache.ant_1.9.2.v201404171502\lib" />
    <property name="java.awt.printerjob" value="sun.awt.windows.WPrinterJob" />
    <property name="sun.io.unicode.encoding" value="UnicodeLittle" />
    <property name="awt.toolkit" value="sun.awt.windows.WToolkit" />
    <property name="user.script" value="" />
    <property name="eclipse.pdebuild.scripts" value="/D:/Forschung/Tools/eclipse 4.4 SR2 (64bit)/plugins/org.eclipse.pde.build_3.9.0.v20140415-2029/scripts/" />
    <property name="user.home" value="D:" />
    <property name="java.specification.vendor" value="Oracle Corporation" />
    <property name="java.library.path" value="C:\Program Files\Java\jdk1.7.0_76\jre\bin;C:\Windows\Sun\Java\bin;C:\Windows\system32;C:\Windows;C:/Program Files/Java/jdk1.7.0_76/bin/../jre/bin/server;C:/Program Files/Java/jdk1.7.0_76/bin/../jre/bin;C:/Program Files/Java/jdk1.7.0_76/bin/../jre/lib/amd64;C:\ProgramData\Oracle\Java\javapath;c:\Program Files (x86)\Intel\iCLS Client\;c:\Program Files\Intel\iCLS Client\;C:\Windows\system32;C:\Windows;C:\Windows\System32\Wbem;C:\Windows\System32\WindowsPowerShell\v1.0\;C:\Program Files\Intel\Intel(R) Management Engine Components\DAL;C:\Program Files\Intel\Intel(R) Management Engine Components\IPT;C:\Program Files (x86)\Intel\Intel(R) Management Engine Components\DAL;C:\Program Files (x86)\Intel\Intel(R) Management Engine Components\IPT;C:\Program Files\Intel\WiFi\bin\;C:\Program Files\Common Files\Intel\WirelessCommon\;C:\Program Files (x86)\MiKTeX 2.9\miktex\bin\;C:\Program Files\TortoiseSVN\bin;C:\Program Files (x86)\QuickTime\QTSystem\;C:\Program Files\TortoiseGit\bin;C:\Program Files (x86)\Skype\Phone\;C:\Program Files (x86)\CVSNT\;D:\Forschung\Tools\eclipse 4.4 SR2 (64bit);;." />
    <property name="java.vendor.url" value="http://java.oracle.com/" />
    <property name="java.vm.vendor" value="Oracle Corporation" />
    <property name="java.runtime.name" value="Java(TM) SE Runtime Environment" />
    <property name="sun.java.command" value="org.apache.tools.ant.taskdefs.optional.junit.JUnitTestRunner de.uka.ilkd.key.util.removegenerics.AllTests filtertrace=true haltOnError=false haltOnFailure=false formatter=org.apache.tools.ant.taskdefs.optional.junit.OutErrSummaryJUnitResultFormatter showoutput=true outputtoformatters=true logfailedtests=true logtestlistenerevents=false formatter=org.apache.tools.ant.taskdefs.optional.junit.XMLJUnitResultFormatter,D:\Forschung\GIT\KeY\key\key.removegenerics.test\testresults\TEST-de.uka.ilkd.key.util.removegenerics.AllTests.xml crashfile=D:\Forschung\GIT\KeY\key\key.removegenerics.test\junitvmwatcher7561675702435475603.properties propsfile=D:\Forschung\GIT\KeY\key\key.removegenerics.test\junit2764724781673026583.properties" />
    <property name="java.class.path" value="D:\Forschung\GIT\KeY\key\key.removegenerics.test\bin;D:\Forschung\GIT\KeY\key\key.core.test\bin;D:\Forschung\GIT\KeY\key\key.util.test\bin;D:\Forschung\GIT\KeY\key\key.util.test\lib\junit-4.12.jar;D:\Forschung\GIT\KeY\key\key.util.test\lib\hamcrest-core-1.3.jar;D:\Forschung\Tools\eclipse 4.4 SR2 (64bit)\plugins\org.apache.ant_1.9.2.v201404171502\lib\ant-launcher.jar;D:\Forschung\Tools\eclipse 4.4 SR2 (64bit)\plugins\org.apache.ant_1.9.2.v201404171502\lib\ant.jar;D:\Forschung\Tools\eclipse 4.4 SR2 (64bit)\plugins\org.apache.ant_1.9.2.v201404171502\lib\ant-junit.jar;D:\Forschung\Tools\eclipse 4.4 SR2 (64bit)\plugins\org.apache.ant_1.9.2.v201404171502\lib\ant-junit4.jar" />
    <property name="ant.version" value="Apache Ant(TM) version 1.9.2 compiled on July 8 2013" />
    <property name="java.vm.specification.name" value="Java Virtual Machine Specification" />
    <property name="java.vm.specification.version" value="1.7" />
    <property name="sun.cpu.endian" value="little" />
    <property name="sun.os.patch.level" value="" />
    <property name="eclipse.pdebuild.home" value="/D:/Forschung/Tools/eclipse 4.4 SR2 (64bit)/plugins/org.eclipse.pde.build_3.9.0.v20140415-2029/./" />
    <property name="java.io.tmpdir" value="C:\Users\Martin\AppData\Local\Temp\" />
    <property name="java.vendor.url.bug" value="http://bugreport.sun.com/bugreport/" />
    <property name="os.arch" value="amd64" />
    <property name="java.awt.graphicsenv" value="sun.awt.Win32GraphicsEnvironment" />
    <property name="ant.file.type.key.removegenerics.test" value="file" />
    <property name="java.ext.dirs" value="C:\Program Files\Java\jdk1.7.0_76\jre\lib\ext;C:\Windows\Sun\Java\lib\ext" />
    <property name="user.dir" value="D:\Forschung\GIT\KeY\key\key.removegenerics.test" />
    <property name="line.separator" value="&#xd;&#xa;" />
    <property name="java.vm.name" value="Java HotSpot(TM) 64-Bit Server VM" />
    <property name="basedir" value="D:\Forschung\GIT\KeY\key\key.removegenerics.test" />
    <property name="ant.java.version" value="1.7" />
    <property name="ant.core.lib" value="D:\Forschung\Tools\eclipse 4.4 SR2 (64bit)\plugins\org.apache.ant_1.9.2.v201404171502\lib\ant.jar" />
    <property name="file.encoding" value="Cp1252" />
    <property name="java.specification.version" value="1.7" />
    <property name="src.dir" value="D:\Forschung\GIT\KeY\key\key.removegenerics.test/src" />
    <property name="ant.project.invoked-targets" value="test-deploy" />
  </properties>
  <error type="java.lang.reflect.InvocationTargetException">java.lang.reflect.InvocationTargetException
Caused by: java.lang.NoClassDefFoundError: recoder/java/ProgramElement
	at java.lang.Class.getDeclaredConstructors0(Native Method)
	at java.lang.Class.privateGetDeclaredConstructors(Class.java:2585)
	at java.lang.Class.getConstructor0(Class.java:2885)
	at java.lang.Class.getConstructor(Class.java:1723)
	at de.uka.ilkd.key.util.removegenerics.AllTests.suite(AllTests.java:24)
Caused by: java.lang.ClassNotFoundException: recoder.java.ProgramElement
	at java.net.URLClassLoader$1.run(URLClassLoader.java:366)
	at java.net.URLClassLoader$1.run(URLClassLoader.java:355)
	at java.security.AccessController.doPrivileged(Native Method)
	at java.net.URLClassLoader.findClass(URLClassLoader.java:354)
	at java.lang.ClassLoader.loadClass(ClassLoader.java:425)
	at sun.misc.Launcher$AppClassLoader.loadClass(Launcher.java:308)
	at java.lang.ClassLoader.loadClass(ClassLoader.java:358)
</error>
  <system-out><![CDATA[]]></system-out>
  <system-err><![CDATA[]]></system-err>
</testsuite>
